Using pre-set license
Built from '2020.3/staging' branch; Version is '2020.3.0f1 (c7b5465681fb) revision 13088070'; Using compiler version '192528614'; Build Type 'Release'
OS: 'Windows 10 Home; OS build 19042.867; Version 2009; 64bit' Language: 'en' Physical Memory: 8092 MB
BatchMode: 1, IsHumanControllingUs: 0, StartBugReporterOnCrash: 0, Is64bit: 1, IsPro: 0

 COMMAND LINE ARGUMENTS:
C:\Program Files\Unity\Hub\Editor\2020.3.0f1\Editor\Unity.exe
-adb2
-batchMode
-noUpm
-name
AssetImportWorker0
-projectPath
C:/Users/aviha/Desktop/Game Develop/projects/for daniel
-logFile
Logs/AssetImportWorker0.log
-srvPort
50363
Successfully changed project path to: C:/Users/aviha/Desktop/Game Develop/projects/for daniel
C:/Users/aviha/Desktop/Game Develop/projects/for daniel
Using Asset Import Pipeline V2.
Refreshing native plugins compatible for Editor in 34.58 ms, found 0 plugins.
Preloading 0 native plugins for Editor in 0.00 ms.
Initialize engine version: 2020.3.0f1 (c7b5465681fb)
[Subsystems] Discovering subsystems at path C:/Program Files/Unity/Hub/Editor/2020.3.0f1/Editor/Data/Resources/UnitySubsystems
[Subsystems] Discovering subsystems at path C:/Users/aviha/Desktop/Game Develop/projects/for daniel/Assets
GfxDevice: creating device client; threaded=0
Direct3D:
    Version:  Direct3D 11.0 [level 11.1]
    Renderer: Intel(R) UHD Graphics 620 (ID=0x5917)
    Vendor:   
    VRAM:     4046 MB
    Driver:   26.20.100.8142
Initialize mono
Mono path[0] = 'C:/Program Files/Unity/Hub/Editor/2020.3.0f1/Editor/Data/Managed'
Mono path[1] = 'C:/Program Files/Unity/Hub/Editor/2020.3.0f1/Editor/Data/MonoBleedingEdge/lib/mono/unityjit'
Mono config path = 'C:/Program Files/Unity/Hub/Editor/2020.3.0f1/Editor/Data/MonoBleedingEdge/etc'
Using monoOptions --debugger-agent=transport=dt_socket,embedding=1,server=y,suspend=n,address=127.0.0.1:56388
Begin MonoManager ReloadAssembly
Registering precompiled unity dll's ...
Register platform support module: C:/Program Files/Unity/Hub/Editor/2020.3.0f1/Editor/Data/PlaybackEngines/WebGLSupport/UnityEditor.WebGL.Extensions.dll
Register platform support module: C:/Program Files/Unity/Hub/Editor/2020.3.0f1/Editor/Data/PlaybackEngines/WindowsStandaloneSupport/UnityEditor.WindowsStandalone.Extensions.dll
Registered in 0.005624 seconds.
Native extension for WindowsStandalone target not found
Native extension for WebGL target not found
Refreshing native plugins compatible for Editor in 29.08 ms, found 0 plugins.
Preloading 0 native plugins for Editor in 0.00 ms.
Invoked RoslynAnalysisRunner static constructor.
RoslynAnalysisRunner will not be running.
RoslynAnalysisRunner has terminated.
Mono: successfully reloaded assembly
- Completed reload, in  1.507 seconds
Platform modules already initialized, skipping
Registering precompiled user dll's ...
Registered in 0.001123 seconds.
Begin MonoManager ReloadAssembly
Native extension for WindowsStandalone target not found
Native extension for WebGL target not found
Refreshing native plugins compatible for Editor in 0.30 ms, found 0 plugins.
Preloading 0 native plugins for Editor in 0.00 ms.
Invoked RoslynAnalysisRunner static constructor.
RoslynAnalysisRunner will not be running.
RoslynAnalysisRunner has terminated.
Mono: successfully reloaded assembly
- Completed reload, in  1.175 seconds
Platform modules already initialized, skipping
========================================================================
Worker process is ready to serve import requests
Launched and connected shader compiler UnityShaderCompiler.exe after 0.10 seconds
Refreshing native plugins compatible for Editor in 0.21 ms, found 0 plugins.
Preloading 0 native plugins for Editor in 0.00 ms.
Unloading 1116 Unused Serialized files (Serialized files now loaded: 0)
System memory in use before: 57.5 MB.
System memory in use after: 57.5 MB.

Unloading 10 unused Assets to reduce memory usage. Loaded Objects now: 1559.
Total: 5.555400 ms (FindLiveObjects: 0.592000 ms CreateObjectMapping: 0.245800 ms MarkObjects: 4.413100 ms  DeleteObjects: 0.298700 ms)

========================================================================
Received Import Request.
  path: Assets/Scripts/DoorAnim.cs
  artifactKey: Guid(8a3c6642d4cb4d24fbbf53caab04b9a5) Importer(815301076,1909f56bfc062723c751e8b465ee728b)
Start importing Assets/Scripts/DoorAnim.cs using Guid(8a3c6642d4cb4d24fbbf53caab04b9a5) Importer(815301076,1909f56bfc062723c751e8b465ee728b)  -> (artifact id: '0364f2913c9049872ead49f899557496') in 0.050024 seconds
  Import took 0.053409 seconds .

========================================================================
Received Import Request.
  Time since last request: 3.443849 seconds.
  path: Assets/Prefabs/bars.prefab
  artifactKey: Guid(d9d4530357a5b364b8138b7b1c755720) Importer(815301076,1909f56bfc062723c751e8b465ee728b)
Start importing Assets/Prefabs/bars.prefab using Guid(d9d4530357a5b364b8138b7b1c755720) Importer(815301076,1909f56bfc062723c751e8b465ee728b)  -> (artifact id: 'b04b940a0f0485b85f2d39378283c9b1') in 0.142253 seconds
  Import took 0.146879 seconds .

========================================================================
Received Import Request.
  Time since last request: 0.000314 seconds.
  path: Assets/Prefabs/wall with bars.prefab
  artifactKey: Guid(42eb680233dfde44796f9ca12899a4de) Importer(815301076,1909f56bfc062723c751e8b465ee728b)
Start importing Assets/Prefabs/wall with bars.prefab using Guid(42eb680233dfde44796f9ca12899a4de) Importer(815301076,1909f56bfc062723c751e8b465ee728b)  -> (artifact id: '8cd75a3cff92fd408417a948473d5858') in 0.044590 seconds
  Import took 0.051085 seconds .

========================================================================
Received Import Request.
  Time since last request: 0.000699 seconds.
  path: Assets/Prefabs/wall with door.prefab
  artifactKey: Guid(97f33fc554fb40144b00cfa21dab4756) Importer(815301076,1909f56bfc062723c751e8b465ee728b)
Start importing Assets/Prefabs/wall with door.prefab using Guid(97f33fc554fb40144b00cfa21dab4756) Importer(815301076,1909f56bfc062723c751e8b465ee728b)  -> (artifact id: '8b7c37b193a31523564b3d3dbf62e91c') in 0.044215 seconds
  Import took 0.052811 seconds .

========================================================================
Received Import Request.
  Time since last request: 0.000383 seconds.
  path: Assets/Prefabs/big wall with door.prefab
  artifactKey: Guid(cd4dec559da0abf4f819e2df608c77b2) Importer(815301076,1909f56bfc062723c751e8b465ee728b)
Start importing Assets/Prefabs/big wall with door.prefab using Guid(cd4dec559da0abf4f819e2df608c77b2) Importer(815301076,1909f56bfc062723c751e8b465ee728b)  -> (artifact id: '01f6722507c96263f5166fd4d55a4db0') in 0.070435 seconds
  Import took 0.079543 seconds .

========================================================================
Received Import Request.
  Time since last request: 0.000304 seconds.
  path: Assets/Prefabs/big wall with bars.prefab
  artifactKey: Guid(6982bbc1e3b0b20409180ab00aeedbdd) Importer(815301076,1909f56bfc062723c751e8b465ee728b)
Start importing Assets/Prefabs/big wall with bars.prefab using Guid(6982bbc1e3b0b20409180ab00aeedbdd) Importer(815301076,1909f56bfc062723c751e8b465ee728b)  -> (artifact id: 'beb231f42e3624054e4e10e7013713ee') in 0.067876 seconds
  Import took 0.074374 seconds .

========================================================================
Received Import Request.
  Time since last request: 0.000357 seconds.
  path: Assets/Prefabs/Mooving Door.prefab
  artifactKey: Guid(dd6b10c99a7980d4db595f53a773d3c5) Importer(815301076,1909f56bfc062723c751e8b465ee728b)
Start importing Assets/Prefabs/Mooving Door.prefab using Guid(dd6b10c99a7980d4db595f53a773d3c5) Importer(815301076,1909f56bfc062723c751e8b465ee728b)  -> (artifact id: '976de30795d5e13428b91a4ddc37ca5c') in 0.056787 seconds
  Import took 0.062177 seconds .

========================================================================
Received Import Request.
  Time since last request: 0.000366 seconds.
  path: Assets/Prefabs/cell.prefab
  artifactKey: Guid(96434790be03b9d41ad463cb291bac42) Importer(815301076,1909f56bfc062723c751e8b465ee728b)
Start importing Assets/Prefabs/cell.prefab using Guid(96434790be03b9d41ad463cb291bac42) Importer(815301076,1909f56bfc062723c751e8b465ee728b)  -> (artifact id: 'fc7eda4668f68ebc1fb89ba81224c085') in 0.179160 seconds
  Import took 0.191590 seconds .

========================================================================
Received Import Request.
  Time since last request: 0.000255 seconds.
  path: Assets/Prefabs/completed floor.prefab
  artifactKey: Guid(b3a6e8522dfe4b4489b35203fba4841e) Importer(815301076,1909f56bfc062723c751e8b465ee728b)
Start importing Assets/Prefabs/completed floor.prefab using Guid(b3a6e8522dfe4b4489b35203fba4841e) Importer(815301076,1909f56bfc062723c751e8b465ee728b)  -> (artifact id: '580d6f85c5f887c6ad02071ef3530507') in 0.134157 seconds
  Import took 0.140800 seconds .

========================================================================
Received Import Request.
  Time since last request: 84.682562 seconds.
  path: Assets/Prison Cell Door sound effect.mp3
  artifactKey: Guid(c904f5fc345f9d140803c0a97e07c4d0) Importer(815301076,1909f56bfc062723c751e8b465ee728b)
Start importing Assets/Prison Cell Door sound effect.mp3 using Guid(c904f5fc345f9d140803c0a97e07c4d0) Importer(815301076,1909f56bfc062723c751e8b465ee728b)  -> (artifact id: 'aa4cb87dead166d9f45cb6cd8b189b05') in 0.078164 seconds
  Import took 0.081466 seconds .

========================================================================
Received Import Request.
  Time since last request: 178.273770 seconds.
  path: Assets/Prefabs/bars.prefab
  artifactKey: Guid(d9d4530357a5b364b8138b7b1c755720) Importer(815301076,1909f56bfc062723c751e8b465ee728b)
Start importing Assets/Prefabs/bars.prefab using Guid(d9d4530357a5b364b8138b7b1c755720) Importer(815301076,1909f56bfc062723c751e8b465ee728b)  -> (artifact id: '578edddaef494ae97d44fa1b8cbe9913') in 0.026117 seconds
  Import took 0.031109 seconds .

========================================================================
Received Import Request.
  Time since last request: 0.000548 seconds.
  path: Assets/Prefabs/wall with bars.prefab
  artifactKey: Guid(42eb680233dfde44796f9ca12899a4de) Importer(815301076,1909f56bfc062723c751e8b465ee728b)
Start importing Assets/Prefabs/wall with bars.prefab using Guid(42eb680233dfde44796f9ca12899a4de) Importer(815301076,1909f56bfc062723c751e8b465ee728b)  -> (artifact id: '9b5ebcd06045600df9101b617a32883d') in 0.055412 seconds
  Import took 0.060501 seconds .

========================================================================
Received Import Request.
  Time since last request: 0.000309 seconds.
  path: Assets/Prefabs/bars.prefab
  artifactKey: Guid(d9d4530357a5b364b8138b7b1c755720) Importer(815301076,1909f56bfc062723c751e8b465ee728b)
Start importing Assets/Prefabs/bars.prefab using Guid(d9d4530357a5b364b8138b7b1c755720) Importer(815301076,1909f56bfc062723c751e8b465ee728b)  -> (artifact id: '578edddaef494ae97d44fa1b8cbe9913') in 0.044788 seconds
  Import took 0.051042 seconds .

========================================================================
Received Import Request.
  Time since last request: 0.000512 seconds.
  path: Assets/Prefabs/big wall with bars.prefab
  artifactKey: Guid(6982bbc1e3b0b20409180ab00aeedbdd) Importer(815301076,1909f56bfc062723c751e8b465ee728b)
Start importing Assets/Prefabs/big wall with bars.prefab using Guid(6982bbc1e3b0b20409180ab00aeedbdd) Importer(815301076,1909f56bfc062723c751e8b465ee728b)  -> (artifact id: 'a4755dfc935ab8c3f5ca84108efa7fe5') in 0.061503 seconds
  Import took 0.069912 seconds .

========================================================================
Received Import Request.
  Time since last request: 0.000314 seconds.
  path: Assets/Prefabs/cell.prefab
  artifactKey: Guid(96434790be03b9d41ad463cb291bac42) Importer(815301076,1909f56bfc062723c751e8b465ee728b)
Start importing Assets/Prefabs/cell.prefab using Guid(96434790be03b9d41ad463cb291bac42) Importer(815301076,1909f56bfc062723c751e8b465ee728b)  -> (artifact id: 'fc67a049e82ab09b1cab82169357c662') in 0.085244 seconds
  Import took 0.089290 seconds .

========================================================================
Received Import Request.
  Time since last request: 0.000214 seconds.
  path: Assets/Prefabs/completed floor.prefab
  artifactKey: Guid(b3a6e8522dfe4b4489b35203fba4841e) Importer(815301076,1909f56bfc062723c751e8b465ee728b)
Start importing Assets/Prefabs/completed floor.prefab using Guid(b3a6e8522dfe4b4489b35203fba4841e) Importer(815301076,1909f56bfc062723c751e8b465ee728b)  -> (artifact id: 'ea313eb546459a5eeb7c6c7e85aee7be') in 0.104773 seconds
  Import took 0.110973 seconds .

========================================================================
Received Prepare
Registering precompiled user dll's ...
Registered in 0.001294 seconds.
Begin MonoManager ReloadAssembly
Native extension for WindowsStandalone target not found
Native extension for WebGL target not found
Refreshing native plugins compatible for Editor in 0.30 ms, found 0 plugins.
Preloading 0 native plugins for Editor in 0.00 ms.
Invoked RoslynAnalysisRunner static constructor.
RoslynAnalysisRunner will not be running.
RoslynAnalysisRunner has terminated.
Mono: successfully reloaded assembly
- Completed reload, in  1.595 seconds
Platform modules already initialized, skipping
Refreshing native plugins compatible for Editor in 0.32 ms, found 0 plugins.
Preloading 0 native plugins for Editor in 0.00 ms.
Unloading 1111 Unused Serialized files (Serialized files now loaded: 0)
System memory in use before: 61.6 MB.
System memory in use after: 61.7 MB.

Unloading 6 unused Assets to reduce memory usage. Loaded Objects now: 1575.
Total: 2.929400 ms (FindLiveObjects: 0.528000 ms CreateObjectMapping: 0.206500 ms MarkObjects: 2.122700 ms  DeleteObjects: 0.068000 ms)

========================================================================
Received Import Request.
  Time since last request: 37.681499 seconds.
  path: Assets/Prefabs/wall with bars.prefab
  artifactKey: Guid(42eb680233dfde44796f9ca12899a4de) Importer(815301076,1909f56bfc062723c751e8b465ee728b)
Start importing Assets/Prefabs/wall with bars.prefab using Guid(42eb680233dfde44796f9ca12899a4de) Importer(815301076,1909f56bfc062723c751e8b465ee728b)  -> (artifact id: 'ade33d7b22733b666b43a8f0505c533d') in 0.165851 seconds
  Import took 0.175988 seconds .

========================================================================
Received Import Request.
  Time since last request: 0.004989 seconds.
  path: Assets/Prefabs/bars.prefab
  artifactKey: Guid(d9d4530357a5b364b8138b7b1c755720) Importer(815301076,1909f56bfc062723c751e8b465ee728b)
Start importing Assets/Prefabs/bars.prefab using Guid(d9d4530357a5b364b8138b7b1c755720) Importer(815301076,1909f56bfc062723c751e8b465ee728b)  -> (artifact id: 'fd94823727ee3803c7a35a8981d68068') in 0.045090 seconds
  Import took 0.049401 seconds .

========================================================================
Received Import Request.
  Time since last request: 0.000241 seconds.
  path: Assets/Prefabs/big wall with bars.prefab
  artifactKey: Guid(6982bbc1e3b0b20409180ab00aeedbdd) Importer(815301076,1909f56bfc062723c751e8b465ee728b)
Start importing Assets/Prefabs/big wall with bars.prefab using Guid(6982bbc1e3b0b20409180ab00aeedbdd) Importer(815301076,1909f56bfc062723c751e8b465ee728b)  -> (artifact id: 'ed55bea8070d7e478bceaa13e4902283') in 0.119059 seconds
  Import took 0.124788 seconds .

========================================================================
Received Import Request.
  Time since last request: 0.003210 seconds.
  path: Assets/Prefabs/cell.prefab
  artifactKey: Guid(96434790be03b9d41ad463cb291bac42) Importer(815301076,1909f56bfc062723c751e8b465ee728b)
Start importing Assets/Prefabs/cell.prefab using Guid(96434790be03b9d41ad463cb291bac42) Importer(815301076,1909f56bfc062723c751e8b465ee728b)  -> (artifact id: '5e6fcad5fe902beda3fc481d03e1e288') in 0.112000 seconds
  Import took 0.119739 seconds .

========================================================================
Received Import Request.
  Time since last request: 0.000522 seconds.
  path: Assets/Prefabs/completed floor.prefab
  artifactKey: Guid(b3a6e8522dfe4b4489b35203fba4841e) Importer(815301076,1909f56bfc062723c751e8b465ee728b)
Start importing Assets/Prefabs/completed floor.prefab using Guid(b3a6e8522dfe4b4489b35203fba4841e) Importer(815301076,1909f56bfc062723c751e8b465ee728b)  -> (artifact id: '68b113b9e046ea6dbf1dfd89750e9204') in 0.150585 seconds
  Import took 0.159734 seconds .

========================================================================
Received Prepare
Registering precompiled user dll's ...
Registered in 0.000984 seconds.
Begin MonoManager ReloadAssembly
Native extension for WindowsStandalone target not found
Native extension for WebGL target not found
Refreshing native plugins compatible for Editor in 0.26 ms, found 0 plugins.
Preloading 0 native plugins for Editor in 0.00 ms.
Invoked RoslynAnalysisRunner static constructor.
RoslynAnalysisRunner will not be running.
RoslynAnalysisRunner has terminated.
Mono: successfully reloaded assembly
- Completed reload, in  1.004 seconds
Platform modules already initialized, skipping
Refreshing native plugins compatible for Editor in 0.21 ms, found 0 plugins.
Preloading 0 native plugins for Editor in 0.00 ms.
Unloading 1111 Unused Serialized files (Serialized files now loaded: 0)
System memory in use before: 61.7 MB.
System memory in use after: 61.8 MB.

Unloading 6 unused Assets to reduce memory usage. Loaded Objects now: 1579.
Total: 2.082500 ms (FindLiveObjects: 0.284900 ms CreateObjectMapping: 0.050600 ms MarkObjects: 1.688800 ms  DeleteObjects: 0.056500 ms)

========================================================================
Received Import Request.
  Time since last request: 36.760110 seconds.
  path: Assets/Prefabs/wall with bars.prefab
  artifactKey: Guid(42eb680233dfde44796f9ca12899a4de) Importer(815301076,1909f56bfc062723c751e8b465ee728b)
Start importing Assets/Prefabs/wall with bars.prefab using Guid(42eb680233dfde44796f9ca12899a4de) Importer(815301076,1909f56bfc062723c751e8b465ee728b)  -> (artifact id: '0fd45cdc1162227d78046d73db397ff0') in 0.074778 seconds
  Import took 0.078737 seconds .

========================================================================
Received Import Request.
  Time since last request: 0.000405 seconds.
  path: Assets/Prefabs/bars.prefab
  artifactKey: Guid(d9d4530357a5b364b8138b7b1c755720) Importer(815301076,1909f56bfc062723c751e8b465ee728b)
Start importing Assets/Prefabs/bars.prefab using Guid(d9d4530357a5b364b8138b7b1c755720) Importer(815301076,1909f56bfc062723c751e8b465ee728b)  -> (artifact id: '36be93dd62048b7b5835fbfe4ef7999d') in 0.015662 seconds
  Import took 0.018701 seconds .

========================================================================
Received Import Request.
  Time since last request: 0.000357 seconds.
  path: Assets/Prefabs/big wall with bars.prefab
  artifactKey: Guid(6982bbc1e3b0b20409180ab00aeedbdd) Importer(815301076,1909f56bfc062723c751e8b465ee728b)
Start importing Assets/Prefabs/big wall with bars.prefab using Guid(6982bbc1e3b0b20409180ab00aeedbdd) Importer(815301076,1909f56bfc062723c751e8b465ee728b)  -> (artifact id: '2ce709ca0467f31dbb1b2f6e4282d0f9') in 0.020496 seconds
  Import took 0.023413 seconds .

========================================================================
Received Import Request.
  Time since last request: 0.000285 seconds.
  path: Assets/Prefabs/cell.prefab
  artifactKey: Guid(96434790be03b9d41ad463cb291bac42) Importer(815301076,1909f56bfc062723c751e8b465ee728b)
Start importing Assets/Prefabs/cell.prefab using Guid(96434790be03b9d41ad463cb291bac42) Importer(815301076,1909f56bfc062723c751e8b465ee728b)  -> (artifact id: 'f26fba8bf954791a6bb2dfd0e63ce3d9') in 0.038579 seconds
  Import took 0.042539 seconds .

========================================================================
Received Import Request.
  Time since last request: 0.000281 seconds.
  path: Assets/Prefabs/completed floor.prefab
  artifactKey: Guid(b3a6e8522dfe4b4489b35203fba4841e) Importer(815301076,1909f56bfc062723c751e8b465ee728b)
Start importing Assets/Prefabs/completed floor.prefab using Guid(b3a6e8522dfe4b4489b35203fba4841e) Importer(815301076,1909f56bfc062723c751e8b465ee728b)  -> (artifact id: '27068e7e0fd04b9fa026881b6658ae9f') in 0.081824 seconds
  Import took 0.087832 seconds .

========================================================================
Received Prepare
Registering precompiled user dll's ...
Registered in 0.001633 seconds.
Begin MonoManager ReloadAssembly
Native extension for WindowsStandalone target not found
Native extension for WebGL target not found
Refreshing native plugins compatible for Editor in 0.25 ms, found 0 plugins.
Preloading 0 native plugins for Editor in 0.00 ms.
Invoked RoslynAnalysisRunner static constructor.
RoslynAnalysisRunner will not be running.
RoslynAnalysisRunner has terminated.
Mono: successfully reloaded assembly
- Completed reload, in  1.085 seconds
Platform modules already initialized, skipping
Refreshing native plugins compatible for Editor in 0.23 ms, found 0 plugins.
Preloading 0 native plugins for Editor in 0.00 ms.
Unloading 1111 Unused Serialized files (Serialized files now loaded: 0)
System memory in use before: 61.9 MB.
System memory in use after: 62.0 MB.

Unloading 6 unused Assets to reduce memory usage. Loaded Objects now: 1583.
Total: 1.957200 ms (FindLiveObjects: 0.185600 ms CreateObjectMapping: 0.051500 ms MarkObjects: 1.656200 ms  DeleteObjects: 0.062000 ms)

========================================================================
Received Prepare
Registering precompiled user dll's ...
Registered in 0.001198 seconds.
Begin MonoManager ReloadAssembly
Native extension for WindowsStandalone target not found
Native extension for WebGL target not found
Refreshing native plugins compatible for Editor in 0.36 ms, found 0 plugins.
Preloading 0 native plugins for Editor in 0.00 ms.
Invoked RoslynAnalysisRunner static constructor.
RoslynAnalysisRunner will not be running.
RoslynAnalysisRunner has terminated.
Mono: successfully reloaded assembly
- Completed reload, in  1.172 seconds
Platform modules already initialized, skipping
Refreshing native plugins compatible for Editor in 0.26 ms, found 0 plugins.
Preloading 0 native plugins for Editor in 0.00 ms.
Unloading 1111 Unused Serialized files (Serialized files now loaded: 0)
System memory in use before: 61.9 MB.
System memory in use after: 62.0 MB.

Unloading 5 unused Assets to reduce memory usage. Loaded Objects now: 1586.
Total: 1.931700 ms (FindLiveObjects: 0.172500 ms CreateObjectMapping: 0.045500 ms MarkObjects: 1.646800 ms  DeleteObjects: 0.064100 ms)

========================================================================
Received Import Request.
  Time since last request: 1199.907410 seconds.
  path: Assets/Prefabs/wall with bars.prefab
  artifactKey: Guid(42eb680233dfde44796f9ca12899a4de) Importer(815301076,1909f56bfc062723c751e8b465ee728b)
Start importing Assets/Prefabs/wall with bars.prefab using Guid(42eb680233dfde44796f9ca12899a4de) Importer(815301076,1909f56bfc062723c751e8b465ee728b)  -> (artifact id: 'ce1cfc18358bd2942bd224d2449844e6') in 0.093831 seconds
  Import took 0.097872 seconds .

========================================================================
Received Import Request.
  Time since last request: 0.000397 seconds.
  path: Assets/Prefabs/bars.prefab
  artifactKey: Guid(d9d4530357a5b364b8138b7b1c755720) Importer(815301076,1909f56bfc062723c751e8b465ee728b)
Start importing Assets/Prefabs/bars.prefab using Guid(d9d4530357a5b364b8138b7b1c755720) Importer(815301076,1909f56bfc062723c751e8b465ee728b)  -> (artifact id: '65aa241f44f12050fb0bf8bf01567d9e') in 0.027119 seconds
  Import took 0.030619 seconds .

========================================================================
Received Import Request.
  Time since last request: 0.000327 seconds.
  path: Assets/Prefabs/big wall with bars.prefab
  artifactKey: Guid(6982bbc1e3b0b20409180ab00aeedbdd) Importer(815301076,1909f56bfc062723c751e8b465ee728b)
Start importing Assets/Prefabs/big wall with bars.prefab using Guid(6982bbc1e3b0b20409180ab00aeedbdd) Importer(815301076,1909f56bfc062723c751e8b465ee728b)  -> (artifact id: '5bef3691779939bb58b61eacb95077b0') in 0.024574 seconds
  Import took 0.028124 seconds .

========================================================================
Received Import Request.
  Time since last request: 0.000335 seconds.
  path: Assets/Prefabs/cell.prefab
  artifactKey: Guid(96434790be03b9d41ad463cb291bac42) Importer(815301076,1909f56bfc062723c751e8b465ee728b)
Start importing Assets/Prefabs/cell.prefab using Guid(96434790be03b9d41ad463cb291bac42) Importer(815301076,1909f56bfc062723c751e8b465ee728b)  -> (artifact id: '5ae08cb7c1313d32a2492cd16c656b83') in 0.049651 seconds
  Import took 0.054111 seconds .

========================================================================
Received Import Request.
  Time since last request: 0.000326 seconds.
  path: Assets/Prefabs/completed floor.prefab
  artifactKey: Guid(b3a6e8522dfe4b4489b35203fba4841e) Importer(815301076,1909f56bfc062723c751e8b465ee728b)
Start importing Assets/Prefabs/completed floor.prefab using Guid(b3a6e8522dfe4b4489b35203fba4841e) Importer(815301076,1909f56bfc062723c751e8b465ee728b)  -> (artifact id: '94620751fab8ccb3a4cb5f69383dc6d6') in 0.107378 seconds
  Import took 0.130946 seconds .

========================================================================
Received Prepare
Registering precompiled user dll's ...
Registered in 0.001021 seconds.
Begin MonoManager ReloadAssembly
Native extension for WindowsStandalone target not found
Native extension for WebGL target not found
Refreshing native plugins compatible for Editor in 0.28 ms, found 0 plugins.
Preloading 0 native plugins for Editor in 0.00 ms.
Invoked RoslynAnalysisRunner static constructor.
RoslynAnalysisRunner will not be running.
RoslynAnalysisRunner has terminated.
Mono: successfully reloaded assembly
- Completed reload, in  0.955 seconds
Platform modules already initialized, skipping
Refreshing native plugins compatible for Editor in 0.34 ms, found 0 plugins.
Preloading 0 native plugins for Editor in 0.00 ms.
Unloading 1111 Unused Serialized files (Serialized files now loaded: 0)
System memory in use before: 62.0 MB.
System memory in use after: 62.0 MB.

Unloading 6 unused Assets to reduce memory usage. Loaded Objects now: 1590.
Total: 1.922900 ms (FindLiveObjects: 0.142600 ms CreateObjectMapping: 0.038500 ms MarkObjects: 1.680900 ms  DeleteObjects: 0.059300 ms)

AssetImportWorkerClient::OnTransportError - code=2 error=End of file
